2020-05-14 10:52:49.756 [Ship 20] INFO  com.epam.multithreading.seaport.SeaPort - In thread.. Ship 20 Dock 5 used!!
2020-05-14 10:52:49.756 [Ship 19] INFO  com.epam.multithreading.seaport.SeaPort - In thread.. Ship 19 Dock 3 used!!
2020-05-14 10:52:49.756 [Ship 1] INFO  com.epam.multithreading.seaport.SeaPort - In thread.. Ship 1 Dock 2 used!!
2020-05-14 10:52:49.756 [Ship 37] INFO  com.epam.multithreading.seaport.SeaPort - In thread.. Ship 37 Dock 1 used!!
2020-05-14 10:52:49.756 [Ship 18] INFO  com.epam.multithreading.seaport.SeaPort - In thread.. Ship 18 Dock 4 used!!
2020-05-14 10:52:49.758 [Ship 20] INFO  com.epam.multithreading.seaport.SeaPort - In thread.. Ship 20 containers removed!!
2020-05-14 10:52:49.759 [Ship 1] INFO  com.epam.multithreading.seaport.SeaPort - In thread.. Ship 1 containers removed!!
2020-05-14 10:52:49.759 [Ship 20] INFO  com.epam.multithreading.entity.Ship - In thread...Ship 20 Departs from Dock
2020-05-14 10:52:49.759 [Ship 20] INFO  com.epam.multithreading.seaport.SeaPort - In thread.. Ship 20 Dock 5 added!!
2020-05-14 10:52:49.759 [Ship 37] INFO  com.epam.multithreading.seaport.SeaPort - In thread.. Ship 37 containers added!
2020-05-14 10:52:49.759 [Ship 1] INFO  com.epam.multithreading.entity.Ship - In thread...Ship 1 Departs from Dock
2020-05-14 10:52:49.759 [Ship 37] INFO  com.epam.multithreading.entity.Ship - In thread...Ship 37 Departs from Dock
2020-05-14 10:52:49.759 [Ship 18] INFO  com.epam.multithreading.seaport.SeaPort - In thread.. Ship 18 containers added!
2020-05-14 10:52:49.759 [Ship 21] INFO  com.epam.multithreading.seaport.SeaPort - In thread.. Ship 21 Dock 6 used!!
2020-05-14 10:52:49.759 [Ship 1] INFO  com.epam.multithreading.seaport.SeaPort - In thread.. Ship 1 Dock 2 added!!
2020-05-14 10:52:49.759 [Ship 18] INFO  com.epam.multithreading.entity.Ship - In thread...Ship 18 Departs from Dock
2020-05-14 10:52:49.759 [Ship 37] INFO  com.epam.multithreading.seaport.SeaPort - In thread.. Ship 37 Dock 1 added!!
2020-05-14 10:52:49.759 [Ship 19] INFO  com.epam.multithreading.seaport.SeaPort - In thread.. Ship 19 containers added!
2020-05-14 10:52:49.759 [Ship 22] INFO  com.epam.multithreading.seaport.SeaPort - In thread.. Ship 22 Dock 5 used!!
2020-05-14 10:52:49.759 [Ship 18] INFO  com.epam.multithreading.seaport.SeaPort - In thread.. Ship 18 Dock 4 added!!
2020-05-14 10:52:49.759 [Ship 30] INFO  com.epam.multithreading.seaport.SeaPort - In thread.. Ship 30 Dock 2 used!!
2020-05-14 10:52:49.759 [Ship 19] INFO  com.epam.multithreading.entity.Ship - In thread...Ship 19 Departs from Dock
2020-05-14 10:52:49.759 [Ship 21] INFO  com.epam.multithreading.seaport.SeaPort - In thread.. Ship 21 containers added!
2020-05-14 10:52:49.760 [Ship 19] INFO  com.epam.multithreading.seaport.SeaPort - In thread.. Ship 19 Dock 3 added!!
2020-05-14 10:52:49.760 [Ship 22] INFO  com.epam.multithreading.seaport.SeaPort - In thread.. Ship 22 containers added!
2020-05-14 10:52:49.760 [Ship 21] INFO  com.epam.multithreading.entity.Ship - In thread...Ship 21 Departs from Dock
2020-05-14 10:52:49.760 [Ship 12] INFO  com.epam.multithreading.seaport.SeaPort - In thread.. Ship 12 Dock 1 used!!
2020-05-14 10:52:49.760 [Ship 21] INFO  com.epam.multithreading.seaport.SeaPort - In thread.. Ship 21 Dock 6 added!!
2020-05-14 10:52:49.760 [Ship 12] INFO  com.epam.multithreading.seaport.SeaPort - In thread.. Ship 12 containers removed!!
2020-05-14 10:52:49.760 [Ship 22] INFO  com.epam.multithreading.entity.Ship - In thread...Ship 22 Departs from Dock
2020-05-14 10:52:49.760 [Ship 43] INFO  com.epam.multithreading.seaport.SeaPort - In thread.. Ship 43 Dock 3 used!!
2020-05-14 10:52:49.760 [Ship 30] INFO  com.epam.multithreading.seaport.SeaPort - In thread.. Ship 30 containers added!
2020-05-14 10:52:49.760 [Ship 12] INFO  com.epam.multithreading.entity.Ship - In thread...Ship 12 Departs from Dock
2020-05-14 10:52:49.760 [Ship 22] INFO  com.epam.multithreading.seaport.SeaPort - In thread.. Ship 22 Dock 5 added!!
2020-05-14 10:52:49.760 [Ship 30] INFO  com.epam.multithreading.seaport.SeaPort - In thread.. Ship 30 containers removed!!
2020-05-14 10:52:49.760 [Ship 6] INFO  com.epam.multithreading.seaport.SeaPort - In thread.. Ship 6 Dock 4 used!!
2020-05-14 10:52:49.760 [Ship 12] INFO  com.epam.multithreading.seaport.SeaPort - In thread.. Ship 12 Dock 1 added!!
2020-05-14 10:52:49.760 [Ship 30] INFO  com.epam.multithreading.entity.Ship - In thread...Ship 30 Departs from Dock
2020-05-14 10:52:49.760 [Ship 6] INFO  com.epam.multithreading.seaport.SeaPort - In thread.. Ship 6 containers removed!!
2020-05-14 10:52:49.761 [Ship 30] INFO  com.epam.multithreading.seaport.SeaPort - In thread.. Ship 30 Dock 2 added!!
2020-05-14 10:52:49.761 [Ship 49] INFO  com.epam.multithreading.seaport.SeaPort - In thread.. Ship 49 Dock 6 used!!
2020-05-14 10:52:49.761 [Ship 43] INFO  com.epam.multithreading.seaport.SeaPort - In thread.. Ship 43 containers removed!!
2020-05-14 10:52:49.761 [Ship 17] INFO  com.epam.multithreading.seaport.SeaPort - In thread.. Ship 17 Dock 5 used!!
2020-05-14 10:52:49.761 [Ship 6] INFO  com.epam.multithreading.entity.Ship - In thread...Ship 6 Departs from Dock
2020-05-14 10:52:49.761 [Ship 44] INFO  com.epam.multithreading.seaport.SeaPort - In thread.. Ship 44 Dock 1 used!!
2020-05-14 10:52:49.761 [Ship 17] INFO  com.epam.multithreading.seaport.SeaPort - In thread.. Ship 17 containers removed!!
2020-05-14 10:52:49.761 [Ship 6] INFO  com.epam.multithreading.seaport.SeaPort - In thread.. Ship 6 Dock 4 added!!
2020-05-14 10:52:49.761 [Ship 49] INFO  com.epam.multithreading.seaport.SeaPort - In thread.. Ship 49 containers added!
2020-05-14 10:52:49.761 [Ship 43] INFO  com.epam.multithreading.entity.Ship - In thread...Ship 43 Departs from Dock
2020-05-14 10:52:49.762 [Ship 49] INFO  com.epam.multithreading.entity.Ship - In thread...Ship 49 Departs from Dock
2020-05-14 10:52:49.762 [Ship 44] INFO  com.epam.multithreading.seaport.SeaPort - In thread.. Ship 44 containers removed!!
2020-05-14 10:52:49.762 [Ship 43] INFO  com.epam.multithreading.seaport.SeaPort - In thread.. Ship 43 Dock 3 added!!
2020-05-14 10:52:49.762 [Ship 49] INFO  com.epam.multithreading.seaport.SeaPort - In thread.. Ship 49 Dock 6 added!!
2020-05-14 10:52:49.762 [Ship 44] INFO  com.epam.multithreading.entity.Ship - In thread...Ship 44 Departs from Dock
2020-05-14 10:52:49.761 [Ship 17] INFO  com.epam.multithreading.entity.Ship - In thread...Ship 17 Departs from Dock
2020-05-14 10:52:49.762 [Ship 3] INFO  com.epam.multithreading.seaport.SeaPort - In thread.. Ship 3 Dock 2 used!!
2020-05-14 10:52:49.762 [Ship 16] INFO  com.epam.multithreading.seaport.SeaPort - In thread.. Ship 16 Dock 4 used!!
2020-05-14 10:52:49.762 [Ship 17] INFO  com.epam.multithreading.seaport.SeaPort - In thread.. Ship 17 Dock 5 added!!
2020-05-14 10:52:49.762 [Ship 44] INFO  com.epam.multithreading.seaport.SeaPort - In thread.. Ship 44 Dock 1 added!!
2020-05-14 10:52:49.762 [Ship 3] INFO  com.epam.multithreading.seaport.SeaPort - In thread.. Ship 3 containers added!
2020-05-14 10:52:49.762 [Ship 10] INFO  com.epam.multithreading.seaport.SeaPort - In thread.. Ship 10 Dock 3 used!!
2020-05-14 10:52:49.763 [Ship 3] INFO  com.epam.multithreading.entity.Ship - In thread...Ship 3 Departs from Dock
2020-05-14 10:52:49.763 [Ship 10] INFO  com.epam.multithreading.seaport.SeaPort - In thread.. Ship 10 containers removed!!
2020-05-14 10:52:49.762 [Ship 14] INFO  com.epam.multithreading.seaport.SeaPort - In thread.. Ship 14 Dock 6 used!!
2020-05-14 10:52:49.763 [Ship 3] INFO  com.epam.multithreading.seaport.SeaPort - In thread.. Ship 3 Dock 2 added!!
2020-05-14 10:52:49.763 [Ship 16] INFO  com.epam.multithreading.seaport.SeaPort - In thread.. Ship 16 containers added!
2020-05-14 10:52:49.763 [Ship 11] INFO  com.epam.multithreading.seaport.SeaPort - In thread.. Ship 11 Dock 1 used!!
2020-05-14 10:52:49.763 [Ship 10] INFO  com.epam.multithreading.entity.Ship - In thread...Ship 10 Departs from Dock
2020-05-14 10:52:49.763 [Ship 10] INFO  com.epam.multithreading.seaport.SeaPort - In thread.. Ship 10 Dock 3 added!!
2020-05-14 10:52:49.763 [Ship 9] INFO  com.epam.multithreading.seaport.SeaPort - In thread.. Ship 9 Dock 5 used!!
2020-05-14 10:52:49.763 [Ship 40] INFO  com.epam.multithreading.seaport.SeaPort - In thread.. Ship 40 Dock 2 used!!
2020-05-14 10:52:49.763 [Ship 11] INFO  com.epam.multithreading.seaport.SeaPort - In thread.. Ship 11 containers removed!!
2020-05-14 10:52:49.763 [Ship 11] INFO  com.epam.multithreading.entity.Ship - In thread...Ship 11 Departs from Dock
2020-05-14 10:52:49.764 [Ship 14] INFO  com.epam.multithreading.seaport.SeaPort - In thread.. Ship 14 containers added!
2020-05-14 10:52:49.764 [Ship 11] INFO  com.epam.multithreading.seaport.SeaPort - In thread.. Ship 11 Dock 1 added!!
2020-05-14 10:52:49.764 [Ship 14] INFO  com.epam.multithreading.seaport.SeaPort - In thread.. Ship 14 containers removed!!
2020-05-14 10:52:49.764 [Ship 15] INFO  com.epam.multithreading.seaport.SeaPort - In thread.. Ship 15 Dock 3 used!!
2020-05-14 10:52:49.764 [Ship 16] INFO  com.epam.multithreading.seaport.SeaPort - In thread.. Ship 16 containers removed!!
2020-05-14 10:52:49.764 [Ship 14] INFO  com.epam.multithreading.entity.Ship - In thread...Ship 14 Departs from Dock
2020-05-14 10:52:49.764 [Ship 16] INFO  com.epam.multithreading.entity.Ship - In thread...Ship 16 Departs from Dock
2020-05-14 10:52:49.764 [Ship 14] INFO  com.epam.multithreading.seaport.SeaPort - In thread.. Ship 14 Dock 6 added!!
2020-05-14 10:52:49.764 [Ship 9] INFO  com.epam.multithreading.seaport.SeaPort - In thread.. Ship 9 containers added!
2020-05-14 10:52:49.764 [Ship 16] INFO  com.epam.multithreading.seaport.SeaPort - In thread.. Ship 16 Dock 4 added!!
2020-05-14 10:52:49.764 [Ship 9] INFO  com.epam.multithreading.entity.Ship - In thread...Ship 9 Departs from Dock
2020-05-14 10:52:49.765 [Ship 40] INFO  com.epam.multithreading.seaport.SeaPort - In thread.. Ship 40 containers added!
2020-05-14 10:52:49.765 [Ship 9] INFO  com.epam.multithreading.seaport.SeaPort - In thread.. Ship 9 Dock 5 added!!
2020-05-14 10:52:49.765 [Ship 39] INFO  com.epam.multithreading.seaport.SeaPort - In thread.. Ship 39 Dock 1 used!!
2020-05-14 10:52:49.765 [Ship 40] INFO  com.epam.multithreading.entity.Ship - In thread...Ship 40 Departs from Dock
2020-05-14 10:52:49.765 [Ship 40] INFO  com.epam.multithreading.seaport.SeaPort - In thread.. Ship 40 Dock 2 added!!
2020-05-14 10:52:49.765 [Ship 39] INFO  com.epam.multithreading.seaport.SeaPort - In thread.. Ship 39 containers added!
2020-05-14 10:52:49.765 [Ship 39] INFO  com.epam.multithreading.entity.Ship - In thread...Ship 39 Departs from Dock
2020-05-14 10:52:49.766 [Ship 39] INFO  com.epam.multithreading.seaport.SeaPort - In thread.. Ship 39 Dock 1 added!!
2020-05-14 10:52:49.766 [Ship 15] INFO  com.epam.multithreading.seaport.SeaPort - In thread.. Ship 15 containers added!
2020-05-14 10:52:49.766 [Ship 15] INFO  com.epam.multithreading.entity.Ship - In thread...Ship 15 Departs from Dock
2020-05-14 10:52:49.766 [Ship 15] INFO  com.epam.multithreading.seaport.SeaPort - In thread.. Ship 15 Dock 3 added!!
2020-05-14 10:52:49.766 [Ship 41] INFO  com.epam.multithreading.seaport.SeaPort - In thread.. Ship 41 Dock 4 used!!
2020-05-14 10:52:49.765 [Ship 5] INFO  com.epam.multithreading.seaport.SeaPort - In thread.. Ship 5 Dock 6 used!!
2020-05-14 10:52:49.766 [Ship 41] INFO  com.epam.multithreading.seaport.SeaPort - In thread.. Ship 41 containers removed!!
2020-05-14 10:52:49.766 [Ship 38] INFO  com.epam.multithreading.seaport.SeaPort - In thread.. Ship 38 Dock 5 used!!
2020-05-14 10:52:49.766 [Ship 41] INFO  com.epam.multithreading.entity.Ship - In thread...Ship 41 Departs from Dock
2020-05-14 10:52:49.766 [Ship 47] INFO  com.epam.multithreading.seaport.SeaPort - In thread.. Ship 47 Dock 2 used!!
2020-05-14 10:52:49.766 [Ship 38] INFO  com.epam.multithreading.seaport.SeaPort - In thread.. Ship 38 containers removed!!
2020-05-14 10:52:49.766 [Ship 41] INFO  com.epam.multithreading.seaport.SeaPort - In thread.. Ship 41 Dock 4 added!!
2020-05-14 10:52:49.766 [Ship 13] INFO  com.epam.multithreading.seaport.SeaPort - In thread.. Ship 13 Dock 1 used!!
2020-05-14 10:52:49.766 [Ship 38] INFO  com.epam.multithreading.entity.Ship - In thread...Ship 38 Departs from Dock
2020-05-14 10:52:49.766 [Ship 5] INFO  com.epam.multithreading.seaport.SeaPort - In thread.. Ship 5 containers added!
2020-05-14 10:52:49.767 [Ship 5] INFO  com.epam.multithreading.seaport.SeaPort - In thread.. Ship 5 containers removed!!
2020-05-14 10:52:49.767 [Ship 38] INFO  com.epam.multithreading.seaport.SeaPort - In thread.. Ship 38 Dock 5 added!!
2020-05-14 10:52:49.767 [Ship 5] INFO  com.epam.multithreading.entity.Ship - In thread...Ship 5 Departs from Dock
2020-05-14 10:52:49.767 [Ship 47] INFO  com.epam.multithreading.seaport.SeaPort - In thread.. Ship 47 containers added!
2020-05-14 10:52:49.767 [Ship 2] INFO  com.epam.multithreading.seaport.SeaPort - In thread.. Ship 2 Dock 4 used!!
2020-05-14 10:52:49.767 [Ship 7] INFO  com.epam.multithreading.seaport.SeaPort - In thread.. Ship 7 Dock 3 used!!
2020-05-14 10:52:49.767 [Ship 2] INFO  com.epam.multithreading.seaport.SeaPort - In thread.. Ship 2 containers added!
2020-05-14 10:52:49.767 [Ship 5] INFO  com.epam.multithreading.seaport.SeaPort - In thread.. Ship 5 Dock 6 added!!
2020-05-14 10:52:49.767 [Ship 2] INFO  com.epam.multithreading.seaport.SeaPort - In thread.. Ship 2 containers removed!!
2020-05-14 10:52:49.767 [Ship 42] INFO  com.epam.multithreading.seaport.SeaPort - In thread.. Ship 42 Dock 5 used!!
2020-05-14 10:52:49.767 [Ship 2] INFO  com.epam.multithreading.entity.Ship - In thread...Ship 2 Departs from Dock
2020-05-14 10:52:49.767 [Ship 42] INFO  com.epam.multithreading.seaport.SeaPort - In thread.. Ship 42 containers removed!!
2020-05-14 10:52:49.767 [Ship 47] INFO  com.epam.multithreading.entity.Ship - In thread...Ship 47 Departs from Dock
2020-05-14 10:52:49.767 [Ship 2] INFO  com.epam.multithreading.seaport.SeaPort - In thread.. Ship 2 Dock 4 added!!
2020-05-14 10:52:49.767 [Ship 42] INFO  com.epam.multithreading.entity.Ship - In thread...Ship 42 Departs from Dock
2020-05-14 10:52:49.767 [Ship 47] INFO  com.epam.multithreading.seaport.SeaPort - In thread.. Ship 47 Dock 2 added!!
2020-05-14 10:52:49.767 [Ship 13] INFO  com.epam.multithreading.seaport.SeaPort - In thread.. Ship 13 containers removed!!
2020-05-14 10:52:49.767 [Ship 42] INFO  com.epam.multithreading.seaport.SeaPort - In thread.. Ship 42 Dock 5 added!!
2020-05-14 10:52:49.767 [Ship 45] INFO  com.epam.multithreading.seaport.SeaPort - In thread.. Ship 45 Dock 6 used!!
2020-05-14 10:52:49.767 [Ship 48] INFO  com.epam.multithreading.seaport.SeaPort - In thread.. Ship 48 Dock 4 used!!
2020-05-14 10:52:49.767 [Ship 13] INFO  com.epam.multithreading.entity.Ship - In thread...Ship 13 Departs from Dock
2020-05-14 10:52:49.767 [Ship 45] INFO  com.epam.multithreading.seaport.SeaPort - In thread.. Ship 45 containers added!
2020-05-14 10:52:49.767 [Ship 35] INFO  com.epam.multithreading.seaport.SeaPort - In thread.. Ship 35 Dock 2 used!!
2020-05-14 10:52:49.767 [Ship 13] INFO  com.epam.multithreading.seaport.SeaPort - In thread.. Ship 13 Dock 1 added!!
2020-05-14 10:52:49.768 [Ship 45] INFO  com.epam.multithreading.entity.Ship - In thread...Ship 45 Departs from Dock
2020-05-14 10:52:49.768 [Ship 7] INFO  com.epam.multithreading.seaport.SeaPort - In thread.. Ship 7 containers added!
2020-05-14 10:52:49.768 [Ship 46] INFO  com.epam.multithreading.seaport.SeaPort - In thread.. Ship 46 Dock 5 used!!
2020-05-14 10:52:49.768 [Ship 45] INFO  com.epam.multithreading.seaport.SeaPort - In thread.. Ship 45 Dock 6 added!!
2020-05-14 10:52:49.768 [Ship 7] INFO  com.epam.multithreading.seaport.SeaPort - In thread.. Ship 7 containers removed!!
2020-05-14 10:52:49.768 [Ship 7] INFO  com.epam.multithreading.entity.Ship - In thread...Ship 7 Departs from Dock
2020-05-14 10:52:49.768 [Ship 24] INFO  com.epam.multithreading.seaport.SeaPort - In thread.. Ship 24 Dock 1 used!!
2020-05-14 10:52:49.768 [Ship 48] INFO  com.epam.multithreading.seaport.SeaPort - In thread.. Ship 48 containers added!
2020-05-14 10:52:49.768 [Ship 7] INFO  com.epam.multithreading.seaport.SeaPort - In thread.. Ship 7 Dock 3 added!!
2020-05-14 10:52:49.768 [Ship 48] INFO  com.epam.multithreading.seaport.SeaPort - In thread.. Ship 48 containers removed!!
2020-05-14 10:52:49.768 [Ship 48] INFO  com.epam.multithreading.entity.Ship - In thread...Ship 48 Departs from Dock
2020-05-14 10:52:49.768 [Ship 35] INFO  com.epam.multithreading.seaport.SeaPort - In thread.. Ship 35 containers added!
2020-05-14 10:52:49.768 [Ship 48] INFO  com.epam.multithreading.seaport.SeaPort - In thread.. Ship 48 Dock 4 added!!
2020-05-14 10:52:49.768 [Ship 0] INFO  com.epam.multithreading.seaport.SeaPort - In thread.. Ship 0 Dock 6 used!!
2020-05-14 10:52:49.768 [Ship 35] INFO  com.epam.multithreading.seaport.SeaPort - In thread.. Ship 35 containers removed!!
2020-05-14 10:52:49.768 [Ship 31] INFO  com.epam.multithreading.seaport.SeaPort - In thread.. Ship 31 Dock 3 used!!
2020-05-14 10:52:49.768 [Ship 35] INFO  com.epam.multithreading.entity.Ship - In thread...Ship 35 Departs from Dock
2020-05-14 10:52:49.768 [Ship 46] INFO  com.epam.multithreading.seaport.SeaPort - In thread.. Ship 46 containers removed!!
2020-05-14 10:52:49.768 [Ship 35] INFO  com.epam.multithreading.seaport.SeaPort - In thread.. Ship 35 Dock 2 added!!
2020-05-14 10:52:49.768 [Ship 46] INFO  com.epam.multithreading.entity.Ship - In thread...Ship 46 Departs from Dock
2020-05-14 10:52:49.768 [Ship 24] INFO  com.epam.multithreading.seaport.SeaPort - In thread.. Ship 24 containers added!
2020-05-14 10:52:49.768 [Ship 27] INFO  com.epam.multithreading.seaport.SeaPort - In thread.. Ship 27 Dock 4 used!!
2020-05-14 10:52:49.768 [Ship 46] INFO  com.epam.multithreading.seaport.SeaPort - In thread.. Ship 46 Dock 5 added!!
2020-05-14 10:52:49.768 [Ship 24] INFO  com.epam.multithreading.seaport.SeaPort - In thread.. Ship 24 containers removed!!
2020-05-14 10:52:49.768 [Ship 0] INFO  com.epam.multithreading.seaport.SeaPort - In thread.. Ship 0 containers added!
2020-05-14 10:52:49.768 [Ship 34] INFO  com.epam.multithreading.seaport.SeaPort - In thread.. Ship 34 Dock 2 used!!
2020-05-14 10:52:49.768 [Ship 24] INFO  com.epam.multithreading.entity.Ship - In thread...Ship 24 Departs from Dock
2020-05-14 10:52:49.769 [Ship 31] INFO  com.epam.multithreading.seaport.SeaPort - In thread.. Ship 31 containers removed!!
2020-05-14 10:52:49.769 [Ship 0] INFO  com.epam.multithreading.entity.Ship - In thread...Ship 0 Departs from Dock
2020-05-14 10:52:49.769 [Ship 24] INFO  com.epam.multithreading.seaport.SeaPort - In thread.. Ship 24 Dock 1 added!!
2020-05-14 10:52:49.769 [Ship 31] INFO  com.epam.multithreading.entity.Ship - In thread...Ship 31 Departs from Dock
2020-05-14 10:52:49.769 [Ship 27] INFO  com.epam.multithreading.seaport.SeaPort - In thread.. Ship 27 containers removed!!
2020-05-14 10:52:49.769 [Ship 0] INFO  com.epam.multithreading.seaport.SeaPort - In thread.. Ship 0 Dock 6 added!!
2020-05-14 10:52:49.769 [Ship 31] INFO  com.epam.multithreading.seaport.SeaPort - In thread.. Ship 31 Dock 3 added!!
2020-05-14 10:52:49.769 [Ship 33] INFO  com.epam.multithreading.seaport.SeaPort - In thread.. Ship 33 Dock 5 used!!
2020-05-14 10:52:49.769 [Ship 34] INFO  com.epam.multithreading.seaport.SeaPort - In thread.. Ship 34 containers removed!!
2020-05-14 10:52:49.769 [Ship 27] INFO  com.epam.multithreading.entity.Ship - In thread...Ship 27 Departs from Dock
2020-05-14 10:52:49.769 [Ship 29] INFO  com.epam.multithreading.seaport.SeaPort - In thread.. Ship 29 Dock 1 used!!
2020-05-14 10:52:49.769 [Ship 34] INFO  com.epam.multithreading.entity.Ship - In thread...Ship 34 Departs from Dock
2020-05-14 10:52:49.769 [Ship 27] INFO  com.epam.multithreading.seaport.SeaPort - In thread.. Ship 27 Dock 4 added!!
2020-05-14 10:52:49.769 [Ship 33] INFO  com.epam.multithreading.seaport.SeaPort - In thread.. Ship 33 containers added!
2020-05-14 10:52:49.769 [Ship 34] INFO  com.epam.multithreading.seaport.SeaPort - In thread.. Ship 34 Dock 2 added!!
2020-05-14 10:52:49.769 [Ship 33] INFO  com.epam.multithreading.entity.Ship - In thread...Ship 33 Departs from Dock
2020-05-14 10:52:49.769 [Ship 32] INFO  com.epam.multithreading.seaport.SeaPort - In thread.. Ship 32 Dock 6 used!!
2020-05-14 10:52:49.769 [Ship 33] INFO  com.epam.multithreading.seaport.SeaPort - In thread.. Ship 33 Dock 5 added!!
2020-05-14 10:52:49.769 [Ship 26] INFO  com.epam.multithreading.seaport.SeaPort - In thread.. Ship 26 Dock 3 used!!
2020-05-14 10:52:49.769 [Ship 29] INFO  com.epam.multithreading.seaport.SeaPort - In thread.. Ship 29 containers removed!!
2020-05-14 10:52:49.769 [Ship 29] INFO  com.epam.multithreading.entity.Ship - In thread...Ship 29 Departs from Dock
2020-05-14 10:52:49.769 [Ship 25] INFO  com.epam.multithreading.seaport.SeaPort - In thread.. Ship 25 Dock 4 used!!
2020-05-14 10:52:49.769 [Ship 36] INFO  com.epam.multithreading.seaport.SeaPort - In thread.. Ship 36 Dock 2 used!!
2020-05-14 10:52:49.769 [Ship 32] INFO  com.epam.multithreading.seaport.SeaPort - In thread.. Ship 32 containers removed!!
2020-05-14 10:52:49.769 [Ship 29] INFO  com.epam.multithreading.seaport.SeaPort - In thread.. Ship 29 Dock 1 added!!
2020-05-14 10:52:49.769 [Ship 32] INFO  com.epam.multithreading.entity.Ship - In thread...Ship 32 Departs from Dock
2020-05-14 10:52:49.769 [Ship 26] INFO  com.epam.multithreading.seaport.SeaPort - In thread.. Ship 26 containers added!
2020-05-14 10:52:49.769 [Ship 8] INFO  com.epam.multithreading.seaport.SeaPort - In thread.. Ship 8 Dock 5 used!!
2020-05-14 10:52:49.770 [Ship 32] INFO  com.epam.multithreading.seaport.SeaPort - In thread.. Ship 32 Dock 6 added!!
2020-05-14 10:52:49.770 [Ship 26] INFO  com.epam.multithreading.seaport.SeaPort - In thread.. Ship 26 containers removed!!
2020-05-14 10:52:49.770 [Ship 26] INFO  com.epam.multithreading.entity.Ship - In thread...Ship 26 Departs from Dock
2020-05-14 10:52:49.770 [Ship 25] INFO  com.epam.multithreading.seaport.SeaPort - In thread.. Ship 25 containers added!
2020-05-14 10:52:49.770 [Ship 26] INFO  com.epam.multithreading.seaport.SeaPort - In thread.. Ship 26 Dock 3 added!!
2020-05-14 10:52:49.770 [Ship 23] INFO  com.epam.multithreading.seaport.SeaPort - In thread.. Ship 23 Dock 1 used!!
2020-05-14 10:52:49.770 [Ship 25] INFO  com.epam.multithreading.seaport.SeaPort - In thread.. Ship 25 containers removed!!
2020-05-14 10:52:49.770 [Ship 25] INFO  com.epam.multithreading.entity.Ship - In thread...Ship 25 Departs from Dock
2020-05-14 10:52:49.770 [Ship 36] INFO  com.epam.multithreading.seaport.SeaPort - In thread.. Ship 36 containers removed!!
2020-05-14 10:52:49.770 [Ship 28] INFO  com.epam.multithreading.seaport.SeaPort - In thread.. Ship 28 Dock 6 used!!
2020-05-14 10:52:49.770 [Ship 25] INFO  com.epam.multithreading.seaport.SeaPort - In thread.. Ship 25 Dock 4 added!!
2020-05-14 10:52:49.770 [Ship 36] INFO  com.epam.multithreading.entity.Ship - In thread...Ship 36 Departs from Dock
2020-05-14 10:52:49.770 [Ship 8] INFO  com.epam.multithreading.seaport.SeaPort - In thread.. Ship 8 containers removed!!
2020-05-14 10:52:49.770 [Ship 36] INFO  com.epam.multithreading.seaport.SeaPort - In thread.. Ship 36 Dock 2 added!!
2020-05-14 10:52:49.770 [Ship 8] INFO  com.epam.multithreading.entity.Ship - In thread...Ship 8 Departs from Dock
2020-05-14 10:52:49.770 [Ship 23] INFO  com.epam.multithreading.seaport.SeaPort - In thread.. Ship 23 containers added!
2020-05-14 10:52:49.770 [Ship 8] INFO  com.epam.multithreading.seaport.SeaPort - In thread.. Ship 8 Dock 5 added!!
2020-05-14 10:52:49.770 [Ship 23] INFO  com.epam.multithreading.entity.Ship - In thread...Ship 23 Departs from Dock
2020-05-14 10:52:49.770 [Ship 23] INFO  com.epam.multithreading.seaport.SeaPort - In thread.. Ship 23 Dock 1 added!!
2020-05-14 10:52:49.770 [Ship 28] INFO  com.epam.multithreading.seaport.SeaPort - In thread.. Ship 28 containers removed!!
2020-05-14 10:52:49.770 [Ship 28] INFO  com.epam.multithreading.entity.Ship - In thread...Ship 28 Departs from Dock
2020-05-14 10:52:49.770 [Ship 28] INFO  com.epam.multithreading.seaport.SeaPort - In thread.. Ship 28 Dock 6 added!!
